<?xml version="1.0" encoding="UTF-8"?>
<testsuite xmlns:xsi="http://www.w3.org/2001/XMLSchema-instance" xsi:noNamespaceSchemaLocation="https://maven.apache.org/surefire/maven-surefire-plugin/xsd/surefire-test-report-3.0.xsd" version="3.0" name="Test.CalculadoraTest" time="0.12" tests="6" errors="0" skipped="0" failures="0">
  <properties>
    <property name="java.specification.version" value="22"/>
    <property name="sun.cpu.isalist" value="amd64"/>
    <property name="sun.jnu.encoding" value="Cp1252"/>
    <property name="java.class.path" value="C:\Users\SANTIAGO DUQUE\Documents\NetBeansProjects\PruebasUitarias\target\test-classes;C:\Users\SANTIAGO DUQUE\Documents\NetBeansProjects\PruebasUitarias\target\classes;C:\Users\SANTIAGO DUQUE\.m2\repository\org\junit\jupiter\junit-jupiter-api\5.11.2\junit-jupiter-api-5.11.2.jar;C:\Users\SANTIAGO DUQUE\.m2\repository\org\opentest4j\opentest4j\1.3.0\opentest4j-1.3.0.jar;C:\Users\SANTIAGO DUQUE\.m2\repository\org\junit\platform\junit-platform-commons\1.11.2\junit-platform-commons-1.11.2.jar;C:\Users\SANTIAGO DUQUE\.m2\repository\org\apiguardian\apiguardian-api\1.1.2\apiguardian-api-1.1.2.jar;C:\Users\SANTIAGO DUQUE\.m2\repository\org\junit\jupiter\junit-jupiter-engine\5.11.2\junit-jupiter-engine-5.11.2.jar;C:\Users\SANTIAGO DUQUE\.m2\repository\org\junit\platform\junit-platform-engine\1.11.2\junit-platform-engine-1.11.2.jar;C:\Users\SANTIAGO DUQUE\.m2\repository\org\springframework\boot\spring-boot-test\3.3.4\spring-boot-test-3.3.4.jar;C:\Users\SANTIAGO DUQUE\.m2\repository\org\springframework\boot\spring-boot\3.3.4\spring-boot-3.3.4.jar;C:\Users\SANTIAGO DUQUE\.m2\repository\org\springframework\spring-core\6.1.13\spring-core-6.1.13.jar;C:\Users\SANTIAGO DUQUE\.m2\repository\org\springframework\spring-jcl\6.1.13\spring-jcl-6.1.13.jar;C:\Users\SANTIAGO DUQUE\.m2\repository\org\springframework\spring-context\6.1.13\spring-context-6.1.13.jar;C:\Users\SANTIAGO DUQUE\.m2\repository\org\springframework\spring-aop\6.1.13\spring-aop-6.1.13.jar;C:\Users\SANTIAGO DUQUE\.m2\repository\org\springframework\spring-beans\6.1.13\spring-beans-6.1.13.jar;C:\Users\SANTIAGO DUQUE\.m2\repository\org\springframework\spring-expression\6.1.13\spring-expression-6.1.13.jar;C:\Users\SANTIAGO DUQUE\.m2\repository\io\micrometer\micrometer-observation\1.12.10\micrometer-observation-1.12.10.jar;C:\Users\SANTIAGO DUQUE\.m2\repository\io\micrometer\micrometer-commons\1.12.10\micrometer-commons-1.12.10.jar;C:\Users\SANTIAGO DUQUE\.m2\repository\org\springframework\spring-test\6.1.13\spring-test-6.1.13.jar;"/>
    <property name="java.vm.vendor" value="Oracle Corporation"/>
    <property name="sun.arch.data.model" value="64"/>
    <property name="user.variant" value=""/>
    <property name="java.vendor.url" value="https://java.oracle.com/"/>
    <property name="user.timezone" value="America/Bogota"/>
    <property name="os.name" value="Windows 10"/>
    <property name="java.vm.specification.version" value="22"/>
    <property name="user.country" value="US"/>
    <property name="sun.java.launcher" value="SUN_STANDARD"/>
    <property name="sun.boot.library.path" value="C:\Program Files\Java\jdk-22\bin"/>
    <property name="sun.java.command" value="C:\Users\SANTIAGO DUQUE\AppData\Local\Temp\surefire427532888440908433\surefirebooter-20241030110822061_3.jar C:\Users\SANTIAGO DUQUE\AppData\Local\Temp\surefire427532888440908433 2024-10-30T11-08-21_849-jvmRun1 surefire-20241030110822061_1tmp surefire_0-20241030110822061_2tmp"/>
    <property name="jdk.debug" value="release"/>
    <property name="test" value="Test.CalculadoraTest"/>
    <property name="surefire.test.class.path" value="C:\Users\SANTIAGO DUQUE\Documents\NetBeansProjects\PruebasUitarias\target\test-classes;C:\Users\SANTIAGO DUQUE\Documents\NetBeansProjects\PruebasUitarias\target\classes;C:\Users\SANTIAGO DUQUE\.m2\repository\org\junit\jupiter\junit-jupiter-api\5.11.2\junit-jupiter-api-5.11.2.jar;C:\Users\SANTIAGO DUQUE\.m2\repository\org\opentest4j\opentest4j\1.3.0\opentest4j-1.3.0.jar;C:\Users\SANTIAGO DUQUE\.m2\repository\org\junit\platform\junit-platform-commons\1.11.2\junit-platform-commons-1.11.2.jar;C:\Users\SANTIAGO DUQUE\.m2\repository\org\apiguardian\apiguardian-api\1.1.2\apiguardian-api-1.1.2.jar;C:\Users\SANTIAGO DUQUE\.m2\repository\org\junit\jupiter\junit-jupiter-engine\5.11.2\junit-jupiter-engine-5.11.2.jar;C:\Users\SANTIAGO DUQUE\.m2\repository\org\junit\platform\junit-platform-engine\1.11.2\junit-platform-engine-1.11.2.jar;C:\Users\SANTIAGO DUQUE\.m2\repository\org\springframework\boot\spring-boot-test\3.3.4\spring-boot-test-3.3.4.jar;C:\Users\SANTIAGO DUQUE\.m2\repository\org\springframework\boot\spring-boot\3.3.4\spring-boot-3.3.4.jar;C:\Users\SANTIAGO DUQUE\.m2\repository\org\springframework\spring-core\6.1.13\spring-core-6.1.13.jar;C:\Users\SANTIAGO DUQUE\.m2\repository\org\springframework\spring-jcl\6.1.13\spring-jcl-6.1.13.jar;C:\Users\SANTIAGO DUQUE\.m2\repository\org\springframework\spring-context\6.1.13\spring-context-6.1.13.jar;C:\Users\SANTIAGO DUQUE\.m2\repository\org\springframework\spring-aop\6.1.13\spring-aop-6.1.13.jar;C:\Users\SANTIAGO DUQUE\.m2\repository\org\springframework\spring-beans\6.1.13\spring-beans-6.1.13.jar;C:\Users\SANTIAGO DUQUE\.m2\repository\org\springframework\spring-expression\6.1.13\spring-expression-6.1.13.jar;C:\Users\SANTIAGO DUQUE\.m2\repository\io\micrometer\micrometer-observation\1.12.10\micrometer-observation-1.12.10.jar;C:\Users\SANTIAGO DUQUE\.m2\repository\io\micrometer\micrometer-commons\1.12.10\micrometer-commons-1.12.10.jar;C:\Users\SANTIAGO DUQUE\.m2\repository\org\springframework\spring-test\6.1.13\spring-test-6.1.13.jar;"/>
    <property name="sun.cpu.endian" value="little"/>
    <property name="user.home" value="C:\Users\SANTIAGO DUQUE"/>
    <property name="user.language" value="en"/>
    <property name="java.specification.vendor" value="Oracle Corporation"/>
    <property name="java.version.date" value="2024-07-16"/>
    <property name="java.home" value="C:\Program Files\Java\jdk-22"/>
    <property name="file.separator" value="\"/>
    <property name="basedir" value="C:\Users\SANTIAGO DUQUE\Documents\NetBeansProjects\PruebasUitarias"/>
    <property name="java.vm.compressedOopsMode" value="Zero based"/>
    <property name="line.separator" value="&#10;"/>
    <property name="java.vm.specification.vendor" value="Oracle Corporation"/>
    <property name="java.specification.name" value="Java Platform API Specification"/>
    <property name="surefire.real.class.path" value="C:\Users\SANTIAGO DUQUE\AppData\Local\Temp\surefire427532888440908433\surefirebooter-20241030110822061_3.jar"/>
    <property name="user.script" value=""/>
    <property name="sun.management.compiler" value="HotSpot 64-Bit Tiered Compilers"/>
    <property name="java.runtime.version" value="22.0.2+9-70"/>
    <property name="user.name" value="SANTIAGO DUQUE"/>
    <property name="stdout.encoding" value="Cp1252"/>
    <property name="path.separator" value=";"/>
    <property name="os.version" value="10.0"/>
    <property name="java.runtime.name" value="Java(TM) SE Runtime Environment"/>
    <property name="file.encoding" value="UTF-8"/>
    <property name="java.vm.name" value="Java HotSpot(TM) 64-Bit Server VM"/>
    <property name="maven.ext.class.path" value="C:\Program Files\NetBeans-22\netbeans\java\maven-nblib\netbeans-eventspy.jar"/>
    <property name="localRepository" value="C:\Users\SANTIAGO DUQUE\.m2\repository"/>
    <property name="java.vendor.url.bug" value="https://bugreport.java.com/bugreport/"/>
    <property name="java.io.tmpdir" value="C:\Users\SANTIA~1\AppData\Local\Temp\"/>
    <property name="java.version" value="22.0.2"/>
    <property name="user.dir" value="C:\Users\SANTIAGO DUQUE\Documents\NetBeansProjects\PruebasUitarias"/>
    <property name="os.arch" value="amd64"/>
    <property name="java.vm.specification.name" value="Java Virtual Machine Specification"/>
    <property name="sun.os.patch.level" value=""/>
    <property name="native.encoding" value="Cp1252"/>
    <property name="java.library.path" value="C:\Program Files\Java\jdk-22\bin;C:\WINDOWS\Sun\Java\bin;C:\WINDOWS\system32;C:\WINDOWS;C:\Oracle\dbhomeXE\bin;C:\Program Files\Common Files\Oracle\Java\javapath;C:\Program Files (x86)\Common Files\Oracle\Java\javapath;C:\WINDOWS\system32;C:\WINDOWS;C:\WINDOWS\System32\Wbem;C:\WINDOWS\System32\WindowsPowerShell\v1.0\;C:\Program Files\Git\cmd;C:\Program Files\dotnet\;C:\WINDOWS\System32\OpenSSH\;C:\ProgramData\chocolatey\bin;C:\Program Files (x86)\cloudflared\;C:\Program Files\MATLAB\R2024b\bin;C:\Program Files\Graphviz\bin;C:\Program Files\Graphviz\bin;C:\Users\SANTIAGO DUQUE\AppData\Local\Programs\Python\Python312\Scripts\;C:\Users\SANTIAGO DUQUE\AppData\Local\Programs\Python\Python312\;C:\Users\SANTIAGO DUQUE\AppData\Local\Programs\Microsoft VS Code\bin;C:\Users\SANTIAGO DUQUE\AppData\Local\Microsoft\WindowsApps;C:\Program Files\JetBrains\IntelliJ IDEA 2024.2.1\bin;C:\Users\SANTIAGO DUQUE\AppData\Local\Programs\Python\Python312\Lib\site-packages\lilypond-binaries\bin;C:\Oracle\dbhomeXE\bin;C:\Program Files\Common Files\Oracle\Java\javapath;C:\Program Files (x86)\Common Files\Oracle\Java\javapath;C:\WINDOWS\system32;C:\WINDOWS;C:\WINDOWS\System32\Wbem;C:\WINDOWS\System32\WindowsPowerShell\v1.0\;C:\Program Files\Git\cmd;C:\Program Files\dotnet\;C:\WINDOWS\System32\OpenSSH\;C:\ProgramData\chocolatey\bin;C:\Program Files (x86)\cloudflared\;C:\Program Files\MATLAB\R2024b\bin;C:\Program Files\Graphviz\bin;C:\Program Files\Graphviz\bin;C:\Users\SANTIAGO DUQUE\AppData\Local\Programs\Python\Python312\Scripts\;C:\Users\SANTIAGO DUQUE\AppData\Local\Programs\Python\Python312\;C:\Users\SANTIAGO DUQUE\AppData\Local\Programs\Microsoft VS Code\bin;C:\Users\SANTIAGO DUQUE\AppData\Local\Microsoft\WindowsApps;C:\Program Files\JetBrains\IntelliJ IDEA 2024.2.1\bin;C:\Users\SANTIAGO DUQUE\AppData\Local\Programs\Python\Python312\Lib\site-packages\lilypond-binaries\bin;C:\Users\SANTIAGO DUQUE\AppData\Local\Programs\Python\Python312\Lib\site-packages\lilypond-binaries\bin;."/>
    <property name="java.vm.info" value="mixed mode, sharing"/>
    <property name="stderr.encoding" value="Cp1252"/>
    <property name="java.vendor" value="Oracle Corporation"/>
    <property name="java.vm.version" value="22.0.2+9-70"/>
    <property name="sun.io.unicode.encoding" value="UnicodeLittle"/>
    <property name="java.class.version" value="66.0"/>
  </properties>
  <testcase name="restaTest" classname="Test.CalculadoraTest" time="0.037"/>
  <testcase name="sumaTest" classname="Test.CalculadoraTest" time="0.003"/>
  <testcase name="divisionTest" classname="Test.CalculadoraTest" time="0.004"/>
  <testcase name="divisionTest" classname="Test.CalculadoraTest" time="0.002"/>
  <testcase name="divisionTest" classname="Test.CalculadoraTest" time="0.002"/>
  <testcase name="multiplicacionTest" classname="Test.CalculadoraTest" time="0.002"/>
</testsuite>